-------------------------------------------------------------------------------
Test set: repositories.ElementTypeRepositoryTest
-------------------------------------------------------------------------------
Tests run: 3, Failures: 0, Errors: 3, Skipped: 0, Time elapsed: 3.06 s <<< FAILURE! - in repositories.ElementTypeRepositoryTest
testfindAllElementTypeByType  Time elapsed: 0 s  <<< ERROR!
java.lang.IllegalStateException: Failed to load ApplicationContext
Caused by: org.springframework.beans.factory.UnsatisfiedDependencyException: Error creating bean with name 'repositoryEntityController' defined in URL [jar:file:/home/tmcnamara/.m2/repository/org/springframework/data/spring-data-rest-webmvc/3.3.6.RELEASE/spring-data-rest-webmvc-3.3.6.RELEASE.jar!/org/springframework/data/rest/webmvc/RepositoryEntityController.class]: Unsatisfied dependency expressed through constructor parameter 2; nested exception is org.springframework.beans.factory.BeanCreationException: Error creating bean with name 'entityLinks' defined in class path resource [org/springframework/data/rest/webmvc/config/RepositoryRestMvcConfiguration.class]: Bean instantiation via factory method failed; nested exception is org.springframework.beans.BeanInstantiationException: Failed to instantiate [org.springframework.data.rest.webmvc.support.RepositoryEntityLinks]: Factory method 'entityLinks' threw exception; nested exception is org.springframework.beans.factory.BeanCreationException: Error creating bean with name 'backendIdConverterRegistry' defined in class path resource [org/springframework/data/rest/webmvc/config/RepositoryRestMvcConfiguration.class]: Bean instantiation via factory method failed; nested exception is org.springframework.beans.BeanInstantiationException: Failed to instantiate [org.springframework.plugin.core.PluginRegistry]: Factory method 'backendIdConverterRegistry' threw exception; nested exception is java.lang.NoSuchMethodError: 'org.springframework.plugin.core.PluginRegistry org.springframework.plugin.core.PluginRegistry.of(java.util.List)'
Caused by: org.springframework.beans.factory.BeanCreationException: Error creating bean with name 'entityLinks' defined in class path resource [org/springframework/data/rest/webmvc/config/RepositoryRestMvcConfiguration.class]: Bean instantiation via factory method failed; nested exception is org.springframework.beans.BeanInstantiationException: Failed to instantiate [org.springframework.data.rest.webmvc.support.RepositoryEntityLinks]: Factory method 'entityLinks' threw exception; nested exception is org.springframework.beans.factory.BeanCreationException: Error creating bean with name 'backendIdConverterRegistry' defined in class path resource [org/springframework/data/rest/webmvc/config/RepositoryRestMvcConfiguration.class]: Bean instantiation via factory method failed; nested exception is org.springframework.beans.BeanInstantiationException: Failed to instantiate [org.springframework.plugin.core.PluginRegistry]: Factory method 'backendIdConverterRegistry' threw exception; nested exception is java.lang.NoSuchMethodError: 'org.springframework.plugin.core.PluginRegistry org.springframework.plugin.core.PluginRegistry.of(java.util.List)'
Caused by: org.springframework.beans.BeanInstantiationException: Failed to instantiate [org.springframework.data.rest.webmvc.support.RepositoryEntityLinks]: Factory method 'entityLinks' threw exception; nested exception is org.springframework.beans.factory.BeanCreationException: Error creating bean with name 'backendIdConverterRegistry' defined in class path resource [org/springframework/data/rest/webmvc/config/RepositoryRestMvcConfiguration.class]: Bean instantiation via factory method failed; nested exception is org.springframework.beans.BeanInstantiationException: Failed to instantiate [org.springframework.plugin.core.PluginRegistry]: Factory method 'backendIdConverterRegistry' threw exception; nested exception is java.lang.NoSuchMethodError: 'org.springframework.plugin.core.PluginRegistry org.springframework.plugin.core.PluginRegistry.of(java.util.List)'
Caused by: org.springframework.beans.factory.BeanCreationException: Error creating bean with name 'backendIdConverterRegistry' defined in class path resource [org/springframework/data/rest/webmvc/config/RepositoryRestMvcConfiguration.class]: Bean instantiation via factory method failed; nested exception is org.springframework.beans.BeanInstantiationException: Failed to instantiate [org.springframework.plugin.core.PluginRegistry]: Factory method 'backendIdConverterRegistry' threw exception; nested exception is java.lang.NoSuchMethodError: 'org.springframework.plugin.core.PluginRegistry org.springframework.plugin.core.PluginRegistry.of(java.util.List)'
Caused by: org.springframework.beans.BeanInstantiationException: Failed to instantiate [org.springframework.plugin.core.PluginRegistry]: Factory method 'backendIdConverterRegistry' threw exception; nested exception is java.lang.NoSuchMethodError: 'org.springframework.plugin.core.PluginRegistry org.springframework.plugin.core.PluginRegistry.of(java.util.List)'
Caused by: java.lang.NoSuchMethodError: 'org.springframework.plugin.core.PluginRegistry org.springframework.plugin.core.PluginRegistry.of(java.util.List)'

testFindElementTypeByContainsElement  Time elapsed: 0 s  <<< ERROR!
java.lang.IllegalStateException: Failed to load ApplicationContext
Caused by: org.springframework.beans.factory.UnsatisfiedDependencyException: Error creating bean with name 'repositoryEntityController' defined in URL [jar:file:/home/tmcnamara/.m2/repository/org/springframework/data/spring-data-rest-webmvc/3.3.6.RELEASE/spring-data-rest-webmvc-3.3.6.RELEASE.jar!/org/springframework/data/rest/webmvc/RepositoryEntityController.class]: Unsatisfied dependency expressed through constructor parameter 2; nested exception is org.springframework.beans.factory.BeanCreationException: Error creating bean with name 'entityLinks' defined in class path resource [org/springframework/data/rest/webmvc/config/RepositoryRestMvcConfiguration.class]: Bean instantiation via factory method failed; nested exception is org.springframework.beans.BeanInstantiationException: Failed to instantiate [org.springframework.data.rest.webmvc.support.RepositoryEntityLinks]: Factory method 'entityLinks' threw exception; nested exception is org.springframework.beans.factory.BeanCreationException: Error creating bean with name 'backendIdConverterRegistry' defined in class path resource [org/springframework/data/rest/webmvc/config/RepositoryRestMvcConfiguration.class]: Bean instantiation via factory method failed; nested exception is org.springframework.beans.BeanInstantiationException: Failed to instantiate [org.springframework.plugin.core.PluginRegistry]: Factory method 'backendIdConverterRegistry' threw exception; nested exception is java.lang.NoSuchMethodError: 'org.springframework.plugin.core.PluginRegistry org.springframework.plugin.core.PluginRegistry.of(java.util.List)'
Caused by: org.springframework.beans.factory.BeanCreationException: Error creating bean with name 'entityLinks' defined in class path resource [org/springframework/data/rest/webmvc/config/RepositoryRestMvcConfiguration.class]: Bean instantiation via factory method failed; nested exception is org.springframework.beans.BeanInstantiationException: Failed to instantiate [org.springframework.data.rest.webmvc.support.RepositoryEntityLinks]: Factory method 'entityLinks' threw exception; nested exception is org.springframework.beans.factory.BeanCreationException: Error creating bean with name 'backendIdConverterRegistry' defined in class path resource [org/springframework/data/rest/webmvc/config/RepositoryRestMvcConfiguration.class]: Bean instantiation via factory method failed; nested exception is org.springframework.beans.BeanInstantiationException: Failed to instantiate [org.springframework.plugin.core.PluginRegistry]: Factory method 'backendIdConverterRegistry' threw exception; nested exception is java.lang.NoSuchMethodError: 'org.springframework.plugin.core.PluginRegistry org.springframework.plugin.core.PluginRegistry.of(java.util.List)'
Caused by: org.springframework.beans.BeanInstantiationException: Failed to instantiate [org.springframework.data.rest.webmvc.support.RepositoryEntityLinks]: Factory method 'entityLinks' threw exception; nested exception is org.springframework.beans.factory.BeanCreationException: Error creating bean with name 'backendIdConverterRegistry' defined in class path resource [org/springframework/data/rest/webmvc/config/RepositoryRestMvcConfiguration.class]: Bean instantiation via factory method failed; nested exception is org.springframework.beans.BeanInstantiationException: Failed to instantiate [org.springframework.plugin.core.PluginRegistry]: Factory method 'backendIdConverterRegistry' threw exception; nested exception is java.lang.NoSuchMethodError: 'org.springframework.plugin.core.PluginRegistry org.springframework.plugin.core.PluginRegistry.of(java.util.List)'
Caused by: org.springframework.beans.factory.BeanCreationException: Error creating bean with name 'backendIdConverterRegistry' defined in class path resource [org/springframework/data/rest/webmvc/config/RepositoryRestMvcConfiguration.class]: Bean instantiation via factory method failed; nested exception is org.springframework.beans.BeanInstantiationException: Failed to instantiate [org.springframework.plugin.core.PluginRegistry]: Factory method 'backendIdConverterRegistry' threw exception; nested exception is java.lang.NoSuchMethodError: 'org.springframework.plugin.core.PluginRegistry org.springframework.plugin.core.PluginRegistry.of(java.util.List)'
Caused by: org.springframework.beans.BeanInstantiationException: Failed to instantiate [org.springframework.plugin.core.PluginRegistry]: Factory method 'backendIdConverterRegistry' threw exception; nested exception is java.lang.NoSuchMethodError: 'org.springframework.plugin.core.PluginRegistry org.springframework.plugin.core.PluginRegistry.of(java.util.List)'
Caused by: java.lang.NoSuchMethodError: 'org.springframework.plugin.core.PluginRegistry org.springframework.plugin.core.PluginRegistry.of(java.util.List)'

testSaveElementType  Time elapsed: 0 s  <<< ERROR!
java.lang.IllegalStateException: Failed to load ApplicationContext
Caused by: org.springframework.beans.factory.UnsatisfiedDependencyException: Error creating bean with name 'repositoryEntityController' defined in URL [jar:file:/home/tmcnamara/.m2/repository/org/springframework/data/spring-data-rest-webmvc/3.3.6.RELEASE/spring-data-rest-webmvc-3.3.6.RELEASE.jar!/org/springframework/data/rest/webmvc/RepositoryEntityController.class]: Unsatisfied dependency expressed through constructor parameter 2; nested exception is org.springframework.beans.factory.BeanCreationException: Error creating bean with name 'entityLinks' defined in class path resource [org/springframework/data/rest/webmvc/config/RepositoryRestMvcConfiguration.class]: Bean instantiation via factory method failed; nested exception is org.springframework.beans.BeanInstantiationException: Failed to instantiate [org.springframework.data.rest.webmvc.support.RepositoryEntityLinks]: Factory method 'entityLinks' threw exception; nested exception is org.springframework.beans.factory.BeanCreationException: Error creating bean with name 'backendIdConverterRegistry' defined in class path resource [org/springframework/data/rest/webmvc/config/RepositoryRestMvcConfiguration.class]: Bean instantiation via factory method failed; nested exception is org.springframework.beans.BeanInstantiationException: Failed to instantiate [org.springframework.plugin.core.PluginRegistry]: Factory method 'backendIdConverterRegistry' threw exception; nested exception is java.lang.NoSuchMethodError: 'org.springframework.plugin.core.PluginRegistry org.springframework.plugin.core.PluginRegistry.of(java.util.List)'
Caused by: org.springframework.beans.factory.BeanCreationException: Error creating bean with name 'entityLinks' defined in class path resource [org/springframework/data/rest/webmvc/config/RepositoryRestMvcConfiguration.class]: Bean instantiation via factory method failed; nested exception is org.springframework.beans.BeanInstantiationException: Failed to instantiate [org.springframework.data.rest.webmvc.support.RepositoryEntityLinks]: Factory method 'entityLinks' threw exception; nested exception is org.springframework.beans.factory.BeanCreationException: Error creating bean with name 'backendIdConverterRegistry' defined in class path resource [org/springframework/data/rest/webmvc/config/RepositoryRestMvcConfiguration.class]: Bean instantiation via factory method failed; nested exception is org.springframework.beans.BeanInstantiationException: Failed to instantiate [org.springframework.plugin.core.PluginRegistry]: Factory method 'backendIdConverterRegistry' threw exception; nested exception is java.lang.NoSuchMethodError: 'org.springframework.plugin.core.PluginRegistry org.springframework.plugin.core.PluginRegistry.of(java.util.List)'
Caused by: org.springframework.beans.BeanInstantiationException: Failed to instantiate [org.springframework.data.rest.webmvc.support.RepositoryEntityLinks]: Factory method 'entityLinks' threw exception; nested exception is org.springframework.beans.factory.BeanCreationException: Error creating bean with name 'backendIdConverterRegistry' defined in class path resource [org/springframework/data/rest/webmvc/config/RepositoryRestMvcConfiguration.class]: Bean instantiation via factory method failed; nested exception is org.springframework.beans.BeanInstantiationException: Failed to instantiate [org.springframework.plugin.core.PluginRegistry]: Factory method 'backendIdConverterRegistry' threw exception; nested exception is java.lang.NoSuchMethodError: 'org.springframework.plugin.core.PluginRegistry org.springframework.plugin.core.PluginRegistry.of(java.util.List)'
Caused by: org.springframework.beans.factory.BeanCreationException: Error creating bean with name 'backendIdConverterRegistry' defined in class path resource [org/springframework/data/rest/webmvc/config/RepositoryRestMvcConfiguration.class]: Bean instantiation via factory method failed; nested exception is org.springframework.beans.BeanInstantiationException: Failed to instantiate [org.springframework.plugin.core.PluginRegistry]: Factory method 'backendIdConverterRegistry' threw exception; nested exception is java.lang.NoSuchMethodError: 'org.springframework.plugin.core.PluginRegistry org.springframework.plugin.core.PluginRegistry.of(java.util.List)'
Caused by: org.springframework.beans.BeanInstantiationException: Failed to instantiate [org.springframework.plugin.core.PluginRegistry]: Factory method 'backendIdConverterRegistry' threw exception; nested exception is java.lang.NoSuchMethodError: 'org.springframework.plugin.core.PluginRegistry org.springframework.plugin.core.PluginRegistry.of(java.util.List)'
Caused by: java.lang.NoSuchMethodError: 'org.springframework.plugin.core.PluginRegistry org.springframework.plugin.core.PluginRegistry.of(java.util.List)'

